[0.000000] (-) TimerEvent: {}
[0.000319] (-) JobUnselected: {'identifier': 'cpp_pub'}
[0.000368] (-) JobUnselected: {'identifier': 'tutorial_service'}
[0.000401] (testservice) JobQueued: {'identifier': 'testservice', 'dependencies': OrderedDict([('tutorial_service', '/home/phat/testpublicsher/install/tutorial_service')])}
[0.000926] (testservice) JobStarted: {'identifier': 'testservice'}
[0.015321] (testservice) JobProgress: {'identifier': 'testservice', 'progress': 'cmake'}
[0.017089] (testservice) JobProgress: {'identifier': 'testservice', 'progress': 'build'}
[0.019134] (testservice) Command: {'cmd': ['/usr/bin/cmake', '--build', '/home/phat/testpublicsher/build/testservice', '--', '-j12', '-l12'], 'cwd': '/home/phat/testpublicsher/build/testservice', 'env': OrderedDict([('GJS_DEBUG_TOPICS', 'JS ERROR;JS LOG'), ('LESSOPEN', '| /usr/bin/lesspipe %s'), ('no_proxy', 'localhost,127.0.0.0/8,::1'), ('LANGUAGE', 'en_US:en'), ('USER', 'phat'), ('LC_TIME', 'vi_VN'), ('SSH_AGENT_PID', '1772'), ('XDG_SESSION_TYPE', 'x11'), ('SHLVL', '1'), ('LD_LIBRARY_PATH', '/home/phat/testpublicsher/install/tutorial_service/lib:/opt/ros/foxy/opt/yaml_cpp_vendor/lib:/opt/ros/foxy/opt/rviz_ogre_vendor/lib:/opt/ros/foxy/lib/x86_64-linux-gnu:/opt/ros/foxy/lib'), ('HOME', '/home/phat'), ('CONDA_SHLVL', '0'), ('OLDPWD', '/home/phat/testpublicsher/src/tutorial_service'), ('DESKTOP_SESSION', 'ubuntu'), ('NO_PROXY', 'localhost,127.0.0.0/8,::1'), ('ROS_PYTHON_VERSION', '3'), ('GNOME_SHELL_SESSION_MODE', 'ubuntu'), ('GTK_MODULES', 'gail:atk-bridge'), ('LC_MONETARY', 'vi_VN'), ('MANAGERPID', '1620'), ('DBUS_SESSION_BUS_ADDRESS', 'unix:path=/run/user/1000/bus'), ('COLORTERM', 'truecolor'), ('_CE_M', ''), ('_colcon_cd_root', '/opt/ros/foxy/'), ('IM_CONFIG_PHASE', '1'), ('COLCON_PREFIX_PATH', '/home/phat/testpublicsher/install'), ('ROS_DISTRO', 'foxy'), ('LOGNAME', 'phat'), ('http_proxy', 'http://172.20.10.2:1082/'), ('JOURNAL_STREAM', '8:44442'), ('_', '/usr/bin/colcon'), ('ROS_VERSION', '2'), ('XDG_SESSION_CLASS', 'user'), ('USERNAME', 'phat'), ('TERM', 'xterm-256color'), ('GNOME_DESKTOP_SESSION_ID', 'this-is-deprecated'), ('_CE_CONDA', ''), ('ROS_LOCALHOST_ONLY', '0'), ('WINDOWPATH', '2'), ('PATH', '/opt/ros/foxy/bin:/home/phat/anaconda3/condabin:/usr/local/sbin:/usr/local/bin:/usr/sbin:/usr/bin:/sbin:/bin:/usr/games:/usr/local/games:/snap/bin'), ('SESSION_MANAGER', 'local/phat-Legion-5-15ACH6:@/tmp/.ICE-unix/1838,unix/phat-Legion-5-15ACH6:/tmp/.ICE-unix/1838'), ('INVOCATION_ID', 'ce7e6ff786fb49788821c3b09fb9dc92'), ('PAPERSIZE', 'a4'), ('XDG_MENU_PREFIX', 'gnome-'), ('LC_ADDRESS', 'vi_VN'), ('GNOME_TERMINAL_SCREEN', '/org/gnome/Terminal/screen/75dfd223_5510_4eac_90b7_d5c5e5e99653'), ('XDG_RUNTIME_DIR', '/run/user/1000'), ('DISPLAY', ':1'), ('LANG', 'en_US.UTF-8'), ('XDG_CURRENT_DESKTOP', 'ubuntu:GNOME'), ('LC_TELEPHONE', 'vi_VN'), ('XMODIFIERS', '@im=ibus'), ('XDG_SESSION_DESKTOP', 'ubuntu'), ('XAUTHORITY', '/run/user/1000/gdm/Xauthority'), ('LS_COLORS', 'rs=0:di=01;34:ln=01;36:mh=00:pi=40;33:so=01;35:do=01;35:bd=40;33;01:cd=40;33;01:or=40;31;01:mi=00:su=37;41:sg=30;43:ca=30;41:tw=30;42:ow=34;42:st=37;44:ex=01;32:*.tar=01;31:*.tgz=01;31:*.arc=01;31:*.arj=01;31:*.taz=01;31:*.lha=01;31:*.lz4=01;31:*.lzh=01;31:*.lzma=01;31:*.tlz=01;31:*.txz=01;31:*.tzo=01;31:*.t7z=01;31:*.zip=01;31:*.z=01;31:*.dz=01;31:*.gz=01;31:*.lrz=01;31:*.lz=01;31:*.lzo=01;31:*.xz=01;31:*.zst=01;31:*.tzst=01;31:*.bz2=01;31:*.bz=01;31:*.tbz=01;31:*.tbz2=01;31:*.tz=01;31:*.deb=01;31:*.rpm=01;31:*.jar=01;31:*.war=01;31:*.ear=01;31:*.sar=01;31:*.rar=01;31:*.alz=01;31:*.ace=01;31:*.zoo=01;31:*.cpio=01;31:*.7z=01;31:*.rz=01;31:*.cab=01;31:*.wim=01;31:*.swm=01;31:*.dwm=01;31:*.esd=01;31:*.jpg=01;35:*.jpeg=01;35:*.mjpg=01;35:*.mjpeg=01;35:*.gif=01;35:*.bmp=01;35:*.pbm=01;35:*.pgm=01;35:*.ppm=01;35:*.tga=01;35:*.xbm=01;35:*.xpm=01;35:*.tif=01;35:*.tiff=01;35:*.png=01;35:*.svg=01;35:*.svgz=01;35:*.mng=01;35:*.pcx=01;35:*.mov=01;35:*.mpg=01;35:*.mpeg=01;35:*.m2v=01;35:*.mkv=01;35:*.webm=01;35:*.ogm=01;35:*.mp4=01;35:*.m4v=01;35:*.mp4v=01;35:*.vob=01;35:*.qt=01;35:*.nuv=01;35:*.wmv=01;35:*.asf=01;35:*.rm=01;35:*.rmvb=01;35:*.flc=01;35:*.avi=01;35:*.fli=01;35:*.flv=01;35:*.gl=01;35:*.dl=01;35:*.xcf=01;35:*.xwd=01;35:*.yuv=01;35:*.cgm=01;35:*.emf=01;35:*.ogv=01;35:*.ogx=01;35:*.aac=00;36:*.au=00;36:*.flac=00;36:*.m4a=00;36:*.mid=00;36:*.midi=00;36:*.mka=00;36:*.mp3=00;36:*.mpc=00;36:*.ogg=00;36:*.ra=00;36:*.wav=00;36:*.oga=00;36:*.opus=00;36:*.spx=00;36:*.xspf=00;36:'), ('GNOME_TERMINAL_SERVICE', ':1.97'), ('SSH_AUTH_SOCK', '/run/user/1000/keyring/ssh'), ('AMENT_PREFIX_PATH', '/home/phat/testpublicsher/install/tutorial_service:/home/phat/testpublicsher/install/cpp_pub:/opt/ros/foxy'), ('CONDA_PYTHON_EXE', '/home/phat/anaconda3/bin/python'), ('SHELL', '/bin/bash'), ('LC_NAME', 'vi_VN'), ('QT_ACCESSIBILITY', '1'), ('GDMSESSION', 'ubuntu'), ('LESSCLOSE', '/usr/bin/lesspipe %s %s'), ('LC_MEASUREMENT', 'vi_VN'), ('GPG_AGENT_INFO', '/run/user/1000/gnupg/S.gpg-agent:0:1'), ('GJS_DEBUG_OUTPUT', 'stderr'), ('LC_IDENTIFICATION', 'vi_VN'), ('QT_IM_MODULE', 'ibus'), ('PWD', '/home/phat/testpublicsher/build/testservice'), ('XDG_CONFIG_DIRS', '/etc/xdg/xdg-ubuntu:/etc/xdg'), ('CONDA_EXE', '/home/phat/anaconda3/bin/conda'), ('XDG_DATA_DIRS', '/usr/share/ubuntu:/usr/local/share/:/usr/share/:/var/lib/snapd/desktop'), ('PYTHONPATH', '/home/phat/testpublicsher/install/tutorial_service/lib/python3.8/site-packages:/opt/ros/foxy/lib/python3.8/site-packages'), ('HTTP_PROXY', 'http://172.20.10.2:1082/'), ('LC_NUMERIC', 'vi_VN'), ('LC_PAPER', 'vi_VN'), ('COLCON', '1'), ('VTE_VERSION', '6003'), ('CMAKE_PREFIX_PATH', '/home/phat/testpublicsher/install/tutorial_service:/home/phat/testpublicsher/install/cpp_pub:/opt/ros/foxy')]), 'shell': False}
[0.091137] (testservice) StdoutLine: {'line': b'\x1b[35m\x1b[1mScanning dependencies of target service\x1b[0m\n'}
[0.091350] (testservice) StdoutLine: {'line': b'\x1b[35m\x1b[1mScanning dependencies of target client\x1b[0m\n'}
[0.100000] (-) TimerEvent: {}
[0.123241] (testservice) StdoutLine: {'line': b'[ 25%] \x1b[32mBuilding CXX object CMakeFiles/service.dir/src/service_server.cpp.o\x1b[0m\n'}
[0.126510] (testservice) StdoutLine: {'line': b'[ 50%] \x1b[32mBuilding CXX object CMakeFiles/client.dir/src/client_server.cpp.o\x1b[0m\n'}
[0.200136] (-) TimerEvent: {}
[0.300448] (-) TimerEvent: {}
[0.400760] (-) TimerEvent: {}
[0.501060] (-) TimerEvent: {}
[0.601394] (-) TimerEvent: {}
[0.701697] (-) TimerEvent: {}
[0.802017] (-) TimerEvent: {}
[0.902317] (-) TimerEvent: {}
[1.002634] (-) TimerEvent: {}
[1.059478] (testservice) StderrLine: {'line': b'\x1b[01m\x1b[K/home/phat/testpublicsher/src/testservice/src/service_server.cpp:29:21:\x1b[m\x1b[K \x1b[01;31m\x1b[Kerror: \x1b[m\x1b[K\xe2\x80\x98\x1b[01m\x1b[Ktutorial_interfaces\x1b[m\x1b[K\xe2\x80\x99 was not declared in this scope; did you mean \xe2\x80\x98\x1b[01m\x1b[Ktutorial_service\x1b[m\x1b[K\xe2\x80\x99?\n'}
[1.059761] (testservice) StderrLine: {'line': b'   29 |   rclcpp::Publisher<\x1b[01;31m\x1b[Ktutorial_interfaces\x1b[m\x1b[K::msg::Num>::SharedPtr publisher_;         // CHANGE\n'}
[1.059864] (testservice) StderrLine: {'line': b'      |                     \x1b[01;31m\x1b[K^~~~~~~~~~~~~~~~~~~\x1b[m\x1b[K\n'}
[1.060002] (testservice) StderrLine: {'line': b'      |                     \x1b[32m\x1b[Ktutorial_service\x1b[m\x1b[K\n'}
[1.060111] (testservice) StderrLine: {'line': b'\x1b[01m\x1b[K/home/phat/testpublicsher/src/testservice/src/service_server.cpp:29:50:\x1b[m\x1b[K \x1b[01;31m\x1b[Kerror: \x1b[m\x1b[Ktemplate argument 1 is invalid\n'}
[1.060232] (testservice) StderrLine: {'line': b'   29 |   rclcpp::Publisher<tutorial_interfaces::msg::Num\x1b[01;31m\x1b[K>\x1b[m\x1b[K::SharedPtr publisher_;         // CHANGE\n'}
[1.060349] (testservice) StderrLine: {'line': b'      |                                                  \x1b[01;31m\x1b[K^\x1b[m\x1b[K\n'}
[1.060413] (testservice) StderrLine: {'line': b'\x1b[01m\x1b[K/home/phat/testpublicsher/src/testservice/src/service_server.cpp:29:53:\x1b[m\x1b[K \x1b[01;31m\x1b[Kerror: \x1b[m\x1b[Kexpected \xe2\x80\x98\x1b[01m\x1b[K;\x1b[m\x1b[K\xe2\x80\x99 at end of member declaration\n'}
[1.060494] (testservice) StderrLine: {'line': b'   29 |   rclcpp::Publisher<tutorial_interfaces::msg::Num>::\x1b[01;31m\x1b[KSharedPtr\x1b[m\x1b[K publisher_;         // CHANGE\n'}
[1.060619] (testservice) StderrLine: {'line': b'      |                                                     \x1b[01;31m\x1b[K^~~~~~~~~\x1b[m\x1b[K\n'}
[1.060703] (testservice) StderrLine: {'line': b'      |                                                              \x1b[32m\x1b[K;\x1b[m\x1b[K\n'}
[1.060975] (testservice) StderrLine: {'line': b'\x1b[01m\x1b[K/home/phat/testpublicsher/src/testservice/src/service_server.cpp:29:63:\x1b[m\x1b[K \x1b[01;31m\x1b[Kerror: \x1b[m\x1b[K\xe2\x80\x98\x1b[01m\x1b[Kpublisher_\x1b[m\x1b[K\xe2\x80\x99 does not name a type; did you mean \xe2\x80\x98\x1b[01m\x1b[Krcl_publisher_t\x1b[m\x1b[K\xe2\x80\x99?\n'}
[1.061100] (testservice) StderrLine: {'line': b'   29 |   rclcpp::Publisher<tutorial_interfaces::msg::Num>::SharedPtr \x1b[01;31m\x1b[Kpublisher_\x1b[m\x1b[K;         // CHANGE\n'}
[1.061178] (testservice) StderrLine: {'line': b'      |                                                               \x1b[01;31m\x1b[K^~~~~~~~~~\x1b[m\x1b[K\n'}
[1.061247] (testservice) StderrLine: {'line': b'      |                                                               \x1b[32m\x1b[Krcl_publisher_t\x1b[m\x1b[K\n'}
[1.062252] (testservice) StderrLine: {'line': b'\x1b[01m\x1b[K/home/phat/testpublicsher/src/testservice/src/client_server.cpp:18:29:\x1b[m\x1b[K \x1b[01;31m\x1b[Kerror: \x1b[m\x1b[K\xe2\x80\x98\x1b[01m\x1b[Ktutorial_interfaces\x1b[m\x1b[K\xe2\x80\x99 does not name a type; did you mean \xe2\x80\x98\x1b[01m\x1b[Ktutorial_service\x1b[m\x1b[K\xe2\x80\x99?\n'}
[1.062360] (testservice) StderrLine: {'line': b'   18 |   void topic_callback(const \x1b[01;31m\x1b[Ktutorial_interfaces\x1b[m\x1b[K::msg::Num::SharedPtr msg) const       // CHANGE\n'}
[1.062439] (testservice) StderrLine: {'line': b'      |                             \x1b[01;31m\x1b[K^~~~~~~~~~~~~~~~~~~\x1b[m\x1b[K\n'}
[1.062525] (testservice) StderrLine: {'line': b'      |                             \x1b[32m\x1b[Ktutorial_service\x1b[m\x1b[K\n'}
[1.062597] (testservice) StderrLine: {'line': b'\x1b[01m\x1b[K/home/phat/testpublicsher/src/testservice/src/client_server.cpp:18:53:\x1b[m\x1b[K \x1b[01;31m\x1b[Kerror: \x1b[m\x1b[Kexpected unqualified-id before \xe2\x80\x98\x1b[01m\x1b[K::\x1b[m\x1b[K\xe2\x80\x99 token\n'}
[1.062666] (testservice) StderrLine: {'line': b'   18 |   void topic_callback(const tutorial_interfaces::msg\x1b[01;31m\x1b[K::\x1b[m\x1b[KNum::SharedPtr msg) const       // CHANGE\n'}
[1.062767] (testservice) StderrLine: {'line': b'      |                                                     \x1b[01;31m\x1b[K^~\x1b[m\x1b[K\n'}
[1.062833] (testservice) StderrLine: {'line': b'\x1b[01m\x1b[K/home/phat/testpublicsher/src/testservice/src/client_server.cpp:18:53:\x1b[m\x1b[K \x1b[01;31m\x1b[Kerror: \x1b[m\x1b[Kexpected \xe2\x80\x98\x1b[01m\x1b[K)\x1b[m\x1b[K\xe2\x80\x99 before \xe2\x80\x98\x1b[01m\x1b[K::\x1b[m\x1b[K\xe2\x80\x99 token\n'}
[1.062896] (testservice) StderrLine: {'line': b'   18 |   void topic_callback\x1b[34m\x1b[K(\x1b[m\x1b[Kconst tutorial_interfaces::msg\x1b[01;31m\x1b[K:\x1b[m\x1b[K\x1b[32m\x1b[K:\x1b[m\x1b[KNum::SharedPtr msg) const       // CHANGE\n'}
[1.062957] (testservice) StderrLine: {'line': b'      |                      \x1b[34m\x1b[K~\x1b[m\x1b[K                              \x1b[01;31m\x1b[K^\x1b[m\x1b[K\x1b[32m\x1b[K~\x1b[m\x1b[K\n'}
[1.063017] (testservice) StderrLine: {'line': b'      |                                                     \x1b[32m\x1b[K)\x1b[m\x1b[K\n'}
[1.063077] (testservice) StderrLine: {'line': b'\x1b[01m\x1b[K/home/phat/testpublicsher/src/testservice/src/client_server.cpp:18:50:\x1b[m\x1b[K \x1b[01;31m\x1b[Kerror: \x1b[m\x1b[Kexpected \xe2\x80\x98\x1b[01m\x1b[K;\x1b[m\x1b[K\xe2\x80\x99 at end of member declaration\n'}
[1.063136] (testservice) StderrLine: {'line': b'   18 |   void topic_callback(const tutorial_interfaces::\x1b[01;31m\x1b[Kmsg\x1b[m\x1b[K::Num::SharedPtr msg) const       // CHANGE\n'}
[1.063258] (testservice) StderrLine: {'line': b'      |                                                  \x1b[01;31m\x1b[K^~~\x1b[m\x1b[K\n'}
[1.063331] (testservice) StderrLine: {'line': b'      |                                                     \x1b[32m\x1b[K;\x1b[m\x1b[K\n'}
[1.063393] (testservice) StderrLine: {'line': b'\x1b[01m\x1b[K/home/phat/testpublicsher/src/testservice/src/client_server.cpp:18:55:\x1b[m\x1b[K \x1b[01;31m\x1b[Kerror: \x1b[m\x1b[K\xe2\x80\x98\x1b[01m\x1b[KNum\x1b[m\x1b[K\xe2\x80\x99 in namespace \xe2\x80\x98\x1b[01m\x1b[K::\x1b[m\x1b[K\xe2\x80\x99 does not name a type\n'}
[1.063459] (testservice) StderrLine: {'line': b'   18 |   void topic_callback(const tutorial_interfaces::msg::\x1b[01;31m\x1b[KNum\x1b[m\x1b[K::SharedPtr msg) const       // CHANGE\n'}
[1.063527] (testservice) StderrLine: {'line': b'      |                                                       \x1b[01;31m\x1b[K^~~\x1b[m\x1b[K\n'}
[1.063588] (testservice) StderrLine: {'line': b'\x1b[01m\x1b[K/home/phat/testpublicsher/src/testservice/src/service_server.cpp:\x1b[m\x1b[K In constructor \xe2\x80\x98\x1b[01m\x1b[KMinimalPublisher::MinimalPublisher()\x1b[m\x1b[K\xe2\x80\x99:\n'}
[1.063656] (testservice) StderrLine: {'line': b'\x1b[01m\x1b[K/home/phat/testpublicsher/src/testservice/src/service_server.cpp:15:5:\x1b[m\x1b[K \x1b[01;31m\x1b[Kerror: \x1b[m\x1b[K\xe2\x80\x98\x1b[01m\x1b[Kpublisher_\x1b[m\x1b[K\xe2\x80\x99 was not declared in this scope; did you mean \xe2\x80\x98\x1b[01m\x1b[Krcl_publisher_t\x1b[m\x1b[K\xe2\x80\x99?\n'}
[1.063718] (testservice) StderrLine: {'line': b'   15 |     \x1b[01;31m\x1b[Kpublisher_\x1b[m\x1b[K = this->create_publisher<tutorial_interfaces::msg::Num>("topic", 10);    // CHANGE\n'}
[1.063778] (testservice) StderrLine: {'line': b'      |     \x1b[01;31m\x1b[K^~~~~~~~~~\x1b[m\x1b[K\n'}
[1.063837] (testservice) StderrLine: {'line': b'      |     \x1b[32m\x1b[Krcl_publisher_t\x1b[m\x1b[K\n'}
[1.064432] (testservice) StderrLine: {'line': b'\x1b[01m\x1b[K/home/phat/testpublicsher/src/testservice/src/client_server.cpp:22:24:\x1b[m\x1b[K \x1b[01;31m\x1b[Kerror: \x1b[m\x1b[K\xe2\x80\x98\x1b[01m\x1b[Ktutorial_interfaces\x1b[m\x1b[K\xe2\x80\x99 was not declared in this scope; did you mean \xe2\x80\x98\x1b[01m\x1b[Ktutorial_service\x1b[m\x1b[K\xe2\x80\x99?\n'}
[1.064565] (testservice) StderrLine: {'line': b'   22 |   rclcpp::Subscription<\x1b[01;31m\x1b[Ktutorial_interfaces\x1b[m\x1b[K::msg::Num>::SharedPtr subscription_;       // CHANGE\n'}
[1.064644] (testservice) StderrLine: {'line': b'      |                        \x1b[01;31m\x1b[K^~~~~~~~~~~~~~~~~~~\x1b[m\x1b[K\n'}
[1.064714] (testservice) StderrLine: {'line': b'      |                        \x1b[32m\x1b[Ktutorial_service\x1b[m\x1b[K\n'}
[1.064778] (testservice) StderrLine: {'line': b'\x1b[01m\x1b[K/home/phat/testpublicsher/src/testservice/src/client_server.cpp:22:53:\x1b[m\x1b[K \x1b[01;31m\x1b[Kerror: \x1b[m\x1b[Ktemplate argument 1 is invalid\n'}
[1.064839] (testservice) StderrLine: {'line': b'   22 |   rclcpp::Subscription<tutorial_interfaces::msg::Num\x1b[01;31m\x1b[K>\x1b[m\x1b[K::SharedPtr subscription_;       // CHANGE\n'}
[1.064901] (testservice) StderrLine: {'line': b'      |                                                     \x1b[01;31m\x1b[K^\x1b[m\x1b[K\n'}
[1.064963] (testservice) StderrLine: {'line': b'\x1b[01m\x1b[K/home/phat/testpublicsher/src/testservice/src/client_server.cpp:22:53:\x1b[m\x1b[K \x1b[01;31m\x1b[Kerror: \x1b[m\x1b[Ktemplate argument 3 is invalid\n'}
[1.065022] (testservice) StderrLine: {'line': b'\x1b[01m\x1b[K/home/phat/testpublicsher/src/testservice/src/client_server.cpp:22:56:\x1b[m\x1b[K \x1b[01;31m\x1b[Kerror: \x1b[m\x1b[Kexpected \xe2\x80\x98\x1b[01m\x1b[K;\x1b[m\x1b[K\xe2\x80\x99 at end of member declaration\n'}
[1.065102] (testservice) StderrLine: {'line': b'   22 |   rclcpp::Subscription<tutorial_interfaces::msg::Num>::\x1b[01;31m\x1b[KSharedPtr\x1b[m\x1b[K subscription_;       // CHANGE\n'}
[1.065170] (testservice) StderrLine: {'line': b'      |                                                        \x1b[01;31m\x1b[K^~~~~~~~~\x1b[m\x1b[K\n'}
[1.065336] (testservice) StderrLine: {'line': b'      |                                                                 \x1b[32m\x1b[K;\x1b[m\x1b[K\n'}
[1.065404] (testservice) StderrLine: {'line': b'\x1b[01m\x1b[K/home/phat/testpublicsher/src/testservice/src/service_server.cpp:15:41:\x1b[m\x1b[K \x1b[01;31m\x1b[Kerror: \x1b[m\x1b[K\xe2\x80\x98\x1b[01m\x1b[Ktutorial_interfaces\x1b[m\x1b[K\xe2\x80\x99 was not declared in this scope; did you mean \xe2\x80\x98\x1b[01m\x1b[Ktutorial_service\x1b[m\x1b[K\xe2\x80\x99?\n'}
[1.065467] (testservice) StderrLine: {'line': b'   15 |     publisher_ = this->create_publisher<\x1b[01;31m\x1b[Ktutorial_interfaces\x1b[m\x1b[K::msg::Num>("topic", 10);    // CHANGE\n'}
[1.065528] (testservice) StderrLine: {'line': b'      |                                         \x1b[01;31m\x1b[K^~~~~~~~~~~~~~~~~~~\x1b[m\x1b[K\n'}
[1.065586] (testservice) StderrLine: {'line': b'      |                                         \x1b[32m\x1b[Ktutorial_service\x1b[m\x1b[K\n'}
[1.065645] (testservice) StderrLine: {'line': b'\x1b[01m\x1b[K/home/phat/testpublicsher/src/testservice/src/service_server.cpp:15:24:\x1b[m\x1b[K \x1b[01;31m\x1b[Kerror: \x1b[m\x1b[Kparse error in template argument list\n'}
[1.065732] (testservice) StderrLine: {'line': b'   15 |     publisher_ = this->\x1b[01;31m\x1b[Kcreate_publisher<tutorial_interfaces::msg::Num>\x1b[m\x1b[K("topic", 10);    // CHANGE\n'}
[1.065793] (testservice) StderrLine: {'line': b'      |                        \x1b[01;31m\x1b[K^~~~~~~~~~~~~~~~~~~~~~~~~~~~~~~~~~~~~~~~~~~~~~~\x1b[m\x1b[K\n'}
[1.065852] (testservice) StderrLine: {'line': b'\x1b[01m\x1b[K/home/phat/testpublicsher/src/testservice/src/service_server.cpp:15:83:\x1b[m\x1b[K \x1b[01;31m\x1b[Kerror: \x1b[m\x1b[Kno matching function for call to \xe2\x80\x98\x1b[01m\x1b[KMinimalPublisher::create_publisher<<expression error> >(const char [6], int)\x1b[m\x1b[K\xe2\x80\x99\n'}
[1.065912] (testservice) StderrLine: {'line': b'   15 |     publisher_ = this->create_publisher<tutorial_interfaces::msg::Num>("topic", 10\x1b[01;31m\x1b[K)\x1b[m\x1b[K;    // CHANGE\n'}
[1.065978] (testservice) StderrLine: {'line': b'      |                                                                                   \x1b[01;31m\x1b[K^\x1b[m\x1b[K\n'}
[1.066040] (testservice) StderrLine: {'line': b'In file included from \x1b[01m\x1b[K/opt/ros/foxy/include/rclcpp/executors/single_threaded_executor.hpp:28\x1b[m\x1b[K,\n'}
[1.066100] (testservice) StderrLine: {'line': b'                 from \x1b[01m\x1b[K/opt/ros/foxy/include/rclcpp/executors.hpp:22\x1b[m\x1b[K,\n'}
[1.066159] (testservice) StderrLine: {'line': b'                 from \x1b[01m\x1b[K/opt/ros/foxy/include/rclcpp/rclcpp.hpp:146\x1b[m\x1b[K,\n'}
[1.066218] (testservice) StderrLine: {'line': b'                 from \x1b[01m\x1b[K/home/phat/testpublicsher/src/testservice/src/service_server.cpp:4\x1b[m\x1b[K:\n'}
[1.066276] (testservice) StderrLine: {'line': b'\x1b[01m\x1b[K/opt/ros/foxy/include/rclcpp/node.hpp:184:3:\x1b[m\x1b[K \x1b[01;36m\x1b[Knote: \x1b[m\x1b[Kcandidate: \xe2\x80\x98\x1b[01m\x1b[Ktemplate<class MessageT, class AllocatorT, class PublisherT> std::shared_ptr<PublisherT> rclcpp::Node::create_publisher(const string&, const rclcpp::QoS&, const rclcpp::PublisherOptionsWithAllocator<AllocatorT>&)\x1b[m\x1b[K\xe2\x80\x99\n'}
[1.066344] (testservice) StderrLine: {'line': b'  184 |   \x1b[01;36m\x1b[Kcreate_publisher\x1b[m\x1b[K(\n'}
[1.066403] (testservice) StderrLine: {'line': b'      |   \x1b[01;36m\x1b[K^~~~~~~~~~~~~~~~\x1b[m\x1b[K\n'}
[1.066460] (testservice) StderrLine: {'line': b'\x1b[01m\x1b[K/opt/ros/foxy/include/rclcpp/node.hpp:184:3:\x1b[m\x1b[K \x1b[01;36m\x1b[Knote: \x1b[m\x1b[K  template argument deduction/substitution failed:\n'}
[1.066525] (testservice) StderrLine: {'line': b'\x1b[01m\x1b[K/home/phat/testpublicsher/src/testservice/src/service_server.cpp:15:83:\x1b[m\x1b[K \x1b[01;31m\x1b[Kerror: \x1b[m\x1b[Ktemplate argument 1 is invalid\n'}
[1.066585] (testservice) StderrLine: {'line': b'   15 |     publisher_ = this->create_publisher<tutorial_interfaces::msg::Num>("topic", 10\x1b[01;31m\x1b[K)\x1b[m\x1b[K;    // CHANGE\n'}
[1.066649] (testservice) StderrLine: {'line': b'      |                                                                                   \x1b[01;31m\x1b[K^\x1b[m\x1b[K\n'}
[1.066708] (testservice) StderrLine: {'line': b'\x1b[01m\x1b[K/home/phat/testpublicsher/src/testservice/src/client_server.cpp:22:66:\x1b[m\x1b[K \x1b[01;31m\x1b[Kerror: \x1b[m\x1b[K\xe2\x80\x98\x1b[01m\x1b[Ksubscription_\x1b[m\x1b[K\xe2\x80\x99 does not name a type; did you mean \xe2\x80\x98\x1b[01m\x1b[Krcl_subscription_t\x1b[m\x1b[K\xe2\x80\x99?\n'}
[1.066768] (testservice) StderrLine: {'line': b'   22 |   rclcpp::Subscription<tutorial_interfaces::msg::Num>::SharedPtr \x1b[01;31m\x1b[Ksubscription_\x1b[m\x1b[K;       // CHANGE\n'}
[1.066827] (testservice) StderrLine: {'line': b'      |                                                                  \x1b[01;31m\x1b[K^~~~~~~~~~~~~\x1b[m\x1b[K\n'}
[1.066885] (testservice) StderrLine: {'line': b'      |                                                                  \x1b[32m\x1b[Krcl_subscription_t\x1b[m\x1b[K\n'}
[1.067660] (testservice) StderrLine: {'line': b'\x1b[01m\x1b[K/home/phat/testpublicsher/src/testservice/src/client_server.cpp:\x1b[m\x1b[K In constructor \xe2\x80\x98\x1b[01m\x1b[KMinimalSubscriber::MinimalSubscriber()\x1b[m\x1b[K\xe2\x80\x99:\n'}
[1.067726] (testservice) StderrLine: {'line': b'\x1b[01m\x1b[K/home/phat/testpublicsher/src/testservice/src/client_server.cpp:13:5:\x1b[m\x1b[K \x1b[01;31m\x1b[Kerror: \x1b[m\x1b[K\xe2\x80\x98\x1b[01m\x1b[Ksubscription_\x1b[m\x1b[K\xe2\x80\x99 was not declared in this scope; did you mean \xe2\x80\x98\x1b[01m\x1b[Krcl_subscription_t\x1b[m\x1b[K\xe2\x80\x99?\n'}
[1.067789] (testservice) StderrLine: {'line': b'   13 |     \x1b[01;31m\x1b[Ksubscription_\x1b[m\x1b[K = this->create_subscription<tutorial_interfaces::msg::Num>(          // CHANGE\n'}
[1.067851] (testservice) StderrLine: {'line': b'      |     \x1b[01;31m\x1b[K^~~~~~~~~~~~~\x1b[m\x1b[K\n'}
[1.067911] (testservice) StderrLine: {'line': b'      |     \x1b[32m\x1b[Krcl_subscription_t\x1b[m\x1b[K\n'}
[1.069401] (testservice) StderrLine: {'line': b'\x1b[01m\x1b[K/home/phat/testpublicsher/src/testservice/src/client_server.cpp:13:47:\x1b[m\x1b[K \x1b[01;31m\x1b[Kerror: \x1b[m\x1b[K\xe2\x80\x98\x1b[01m\x1b[Ktutorial_interfaces\x1b[m\x1b[K\xe2\x80\x99 was not declared in this scope; did you mean \xe2\x80\x98\x1b[01m\x1b[Ktutorial_service\x1b[m\x1b[K\xe2\x80\x99?\n'}
[1.069556] (testservice) StderrLine: {'line': b'   13 |     subscription_ = this->create_subscription<\x1b[01;31m\x1b[Ktutorial_interfaces\x1b[m\x1b[K::msg::Num>(          // CHANGE\n'}
[1.069630] (testservice) StderrLine: {'line': b'      |                                               \x1b[01;31m\x1b[K^~~~~~~~~~~~~~~~~~~\x1b[m\x1b[K\n'}
[1.069697] (testservice) StderrLine: {'line': b'      |                                               \x1b[32m\x1b[Ktutorial_service\x1b[m\x1b[K\n'}
[1.069759] (testservice) StderrLine: {'line': b'\x1b[01m\x1b[K/home/phat/testpublicsher/src/testservice/src/client_server.cpp:13:27:\x1b[m\x1b[K \x1b[01;31m\x1b[Kerror: \x1b[m\x1b[Kparse error in template argument list\n'}
[1.069828] (testservice) StderrLine: {'line': b'   13 |     subscription_ = this->\x1b[01;31m\x1b[Kcreate_subscription<tutorial_interfaces::msg::Num>\x1b[m\x1b[K(          // CHANGE\n'}
[1.069889] (testservice) StderrLine: {'line': b'      |                           \x1b[01;31m\x1b[K^~~~~~~~~~~~~~~~~~~~~~~~~~~~~~~~~~~~~~~~~~~~~~~~~~\x1b[m\x1b[K\n'}
[1.074380] (testservice) StderrLine: {'line': b'\x1b[01m\x1b[K/home/phat/testpublicsher/src/testservice/src/service_server.cpp:\x1b[m\x1b[K In member function \xe2\x80\x98\x1b[01m\x1b[Kvoid MinimalPublisher::timer_callback()\x1b[m\x1b[K\xe2\x80\x99:\n'}
[1.074461] (testservice) StderrLine: {'line': b'\x1b[01m\x1b[K/home/phat/testpublicsher/src/testservice/src/service_server.cpp:23:20:\x1b[m\x1b[K \x1b[01;31m\x1b[Kerror: \x1b[m\x1b[K\xe2\x80\x98\x1b[01m\x1b[Ktutorial_interfaces\x1b[m\x1b[K\xe2\x80\x99 has not been declared\n'}
[1.074544] (testservice) StderrLine: {'line': b'   23 |     auto message = \x1b[01;31m\x1b[Ktutorial_interfaces\x1b[m\x1b[K::msg::Num();                               // CHANGE\n'}
[1.074610] (testservice) StderrLine: {'line': b'      |                    \x1b[01;31m\x1b[K^~~~~~~~~~~~~~~~~~~\x1b[m\x1b[K\n'}
[1.075037] (testservice) StderrLine: {'line': b'\x1b[01m\x1b[K/home/phat/testpublicsher/src/testservice/src/client_server.cpp:14:75:\x1b[m\x1b[K \x1b[01;31m\x1b[Kerror: \x1b[m\x1b[Kno matching function for call to \xe2\x80\x98\x1b[01m\x1b[KMinimalSubscriber::create_subscription<<expression error> >(const char [6], int, std::_Bind_helper<false, void (MinimalSubscriber::*)(...), MinimalSubscriber*, const std::_Placeholder<1>&>::type)\x1b[m\x1b[K\xe2\x80\x99\n'}
[1.075124] (testservice) StderrLine: {'line': b'   14 |       "topic", 10, std::bind(&MinimalSubscriber::topic_callback, this, _1)\x1b[01;31m\x1b[K)\x1b[m\x1b[K;\n'}
[1.075200] (testservice) StderrLine: {'line': b'      |                                                                           \x1b[01;31m\x1b[K^\x1b[m\x1b[K\n'}
[1.075311] (testservice) StderrLine: {'line': b'In file included from \x1b[01m\x1b[K/opt/ros/foxy/include/rclcpp/executors/single_threaded_executor.hpp:28\x1b[m\x1b[K,\n'}
[1.075374] (testservice) StderrLine: {'line': b'                 from \x1b[01m\x1b[K/opt/ros/foxy/include/rclcpp/executors.hpp:22\x1b[m\x1b[K,\n'}
[1.075436] (testservice) StderrLine: {'line': b'                 from \x1b[01m\x1b[K/opt/ros/foxy/include/rclcpp/rclcpp.hpp:146\x1b[m\x1b[K,\n'}
[1.075504] (testservice) StderrLine: {'line': b'                 from \x1b[01m\x1b[K/home/phat/testpublicsher/src/testservice/src/client_server.cpp:3\x1b[m\x1b[K:\n'}
[1.075566] (testservice) StderrLine: {'line': b'\x1b[01m\x1b[K/opt/ros/foxy/include/rclcpp/node.hpp:213:3:\x1b[m\x1b[K \x1b[01;36m\x1b[Knote: \x1b[m\x1b[Kcandidate: \xe2\x80\x98\x1b[01m\x1b[Ktemplate<class MessageT, class CallbackT, class AllocatorT, class CallbackMessageT, class SubscriptionT, class MessageMemoryStrategyT> std::shared_ptr<SubscriptionT> rclcpp::Node::create_subscription(const string&, const rclcpp::QoS&, CallbackT&&, const rclcpp::SubscriptionOptionsWithAllocator<AllocatorT>&, typename MessageMemoryStrategyT::SharedPtr)\x1b[m\x1b[K\xe2\x80\x99\n'}
[1.075642] (testservice) StderrLine: {'line': b'  213 |   \x1b[01;36m\x1b[Kcreate_subscription\x1b[m\x1b[K(\n'}
[1.075704] (testservice) StderrLine: {'line': b'      |   \x1b[01;36m\x1b[K^~~~~~~~~~~~~~~~~~~\x1b[m\x1b[K\n'}
[1.075763] (testservice) StderrLine: {'line': b'\x1b[01m\x1b[K/opt/ros/foxy/include/rclcpp/node.hpp:213:3:\x1b[m\x1b[K \x1b[01;36m\x1b[Knote: \x1b[m\x1b[K  template argument deduction/substitution failed:\n'}
[1.075822] (testservice) StderrLine: {'line': b'\x1b[01m\x1b[K/home/phat/testpublicsher/src/testservice/src/client_server.cpp:14:75:\x1b[m\x1b[K \x1b[01;31m\x1b[Kerror: \x1b[m\x1b[Ktemplate argument 1 is invalid\n'}
[1.075881] (testservice) StderrLine: {'line': b'   14 |       "topic", 10, std::bind(&MinimalSubscriber::topic_callback, this, _1)\x1b[01;31m\x1b[K)\x1b[m\x1b[K;\n'}
[1.075941] (testservice) StderrLine: {'line': b'      |                                                                           \x1b[01;31m\x1b[K^\x1b[m\x1b[K\n'}
[1.076687] (testservice) StderrLine: {'line': b'\x1b[01m\x1b[K/home/phat/testpublicsher/src/testservice/src/service_server.cpp:26:5:\x1b[m\x1b[K \x1b[01;31m\x1b[Kerror: \x1b[m\x1b[K\xe2\x80\x98\x1b[01m\x1b[Kpublisher_\x1b[m\x1b[K\xe2\x80\x99 was not declared in this scope; did you mean \xe2\x80\x98\x1b[01m\x1b[Krcl_publisher_t\x1b[m\x1b[K\xe2\x80\x99?\n'}
[1.076756] (testservice) StderrLine: {'line': b'   26 |     \x1b[01;31m\x1b[Kpublisher_\x1b[m\x1b[K->publish(message);\n'}
[1.076821] (testservice) StderrLine: {'line': b'      |     \x1b[01;31m\x1b[K^~~~~~~~~~\x1b[m\x1b[K\n'}
[1.076883] (testservice) StderrLine: {'line': b'      |     \x1b[32m\x1b[Krcl_publisher_t\x1b[m\x1b[K\n'}
[1.102754] (-) TimerEvent: {}
[1.203047] (-) TimerEvent: {}
[1.303361] (-) TimerEvent: {}
[1.362132] (testservice) StderrLine: {'line': b'make[2]: *** [CMakeFiles/client.dir/build.make:63: CMakeFiles/client.dir/src/client_server.cpp.o] Error 1\n'}
[1.362455] (testservice) StderrLine: {'line': b'make[1]: *** [CMakeFiles/Makefile2:80: CMakeFiles/client.dir/all] Error 2\n'}
[1.362559] (testservice) StderrLine: {'line': b'make[1]: *** Waiting for unfinished jobs....\n'}
[1.394665] (testservice) StderrLine: {'line': b'make[2]: *** [CMakeFiles/service.dir/build.make:63: CMakeFiles/service.dir/src/service_server.cpp.o] Error 1\n'}
[1.394896] (testservice) StderrLine: {'line': b'make[1]: *** [CMakeFiles/Makefile2:134: CMakeFiles/service.dir/all] Error 2\n'}
[1.395140] (testservice) StderrLine: {'line': b'make: *** [Makefile:141: all] Error 2\n'}
[1.398092] (testservice) CommandEnded: {'returncode': 2}
[1.403566] (-) TimerEvent: {}
[1.458391] (testservice) JobEnded: {'identifier': 'testservice', 'rc': 2}
[1.459203] (-) EventReactorShutdown: {}
