[0.021s] Invoking command in '/home/phat/testpublicsher/build/testservice': CMAKE_PREFIX_PATH=${CMAKE_PREFIX_PATH}:/opt/ros/foxy /usr/bin/cmake /home/phat/testpublicsher/src/testservice -DCMAKE_INSTALL_PREFIX=/home/phat/testpublicsher/install/testservice
[0.034s] -- Found ament_cmake: 0.9.12 (/opt/ros/foxy/share/ament_cmake/cmake)
[0.056s] -- Using PYTHON_EXECUTABLE: /usr/bin/python3
[0.203s] -- Found rclcpp: 2.4.3 (/opt/ros/foxy/share/rclcpp/cmake)
[0.229s] -- Using all available rosidl_typesupport_c: rosidl_typesupport_fastrtps_c;rosidl_typesupport_introspection_c
[0.231s] -- Found rosidl_adapter: 1.3.1 (/opt/ros/foxy/share/rosidl_adapter/cmake)
[0.341s] -- Using all available rosidl_typesupport_cpp: rosidl_typesupport_fastrtps_cpp;rosidl_typesupport_introspection_cpp
[0.385s] -- Found rmw_implementation_cmake: 1.0.4 (/opt/ros/foxy/share/rmw_implementation_cmake/cmake)
[0.386s] -- Using RMW implementation 'rmw_fastrtps_cpp' as default
[0.505s] -- Found tutorial_service: 0.0.0 (/home/phat/testpublicsher/install/tutorial_service/share/tutorial_service/cmake)
[0.579s] -- Found ament_lint_auto: 0.9.8 (/opt/ros/foxy/share/ament_lint_auto/cmake)
[0.637s] -- Added test 'copyright' to check source files copyright and LICENSE
[0.638s] -- Added test 'cppcheck' to perform static code analysis on C / C++ code
[0.638s] -- Configured cppcheck include dirs: 
[0.638s] -- Configured cppcheck exclude dirs and/or files: 
[0.639s] -- Added test 'cpplint' to check C / C++ code against the Google style
[0.639s] -- Configured cpplint exclude dirs and/or files: 
[0.639s] -- Added test 'lint_cmake' to check CMake code style
[0.640s] -- Added test 'uncrustify' to check C / C++ code style
[0.640s] -- Configured uncrustify additional arguments: 
[0.641s] -- Added test 'xmllint' to check XML markup files
[0.643s] -- Configuring done
[0.655s] -- Generating done
[0.656s] -- Build files have been written to: /home/phat/testpublicsher/build/testservice
[0.661s] Invoked command in '/home/phat/testpublicsher/build/testservice' returned '0': CMAKE_PREFIX_PATH=${CMAKE_PREFIX_PATH}:/opt/ros/foxy /usr/bin/cmake /home/phat/testpublicsher/src/testservice -DCMAKE_INSTALL_PREFIX=/home/phat/testpublicsher/install/testservice
[0.664s] Invoking command in '/home/phat/testpublicsher/build/testservice': CMAKE_PREFIX_PATH=${CMAKE_PREFIX_PATH}:/opt/ros/foxy /usr/bin/cmake --build /home/phat/testpublicsher/build/testservice -- -j12 -l12
[0.710s] [35m[1mScanning dependencies of target service[0m
[0.710s] [35m[1mScanning dependencies of target client[0m
[0.785s] [ 25%] [32mBuilding CXX object CMakeFiles/service.dir/src/service_server.cpp.o[0m
[0.787s] [ 50%] [32mBuilding CXX object CMakeFiles/client.dir/src/client_server.cpp.o[0m
[0.875s] [01m[K/home/phat/testpublicsher/src/testservice/src/client_server.cpp:4:10:[m[K [01;31m[Kfatal error: [m[Ktutorial_service/msg/Num.hpp: No such file or directory
[0.875s]     4 | #include [01;31m[K"tutorial_service/msg/Num.hpp"[m[K        // CHANGE
[0.875s]       |          [01;31m[K^~~~~~~~~~~~~~~~~~~~~~~~~~~~~~[m[K
[0.875s] compilation terminated.
[0.875s] [01m[K/home/phat/testpublicsher/src/testservice/src/service_server.cpp:5:10:[m[K [01;31m[Kfatal error: [m[Ktutorial_service/msg/Num.hpp: No such file or directory
[0.875s]     5 | #include [01;31m[K"tutorial_service/msg/Num.hpp"[m[K     // CHANGE
[0.875s]       |          [01;31m[K^~~~~~~~~~~~~~~~~~~~~~~~~~~~~~[m[K
[0.875s] compilation terminated.
[0.877s] make[2]: *** [CMakeFiles/client.dir/build.make:63: CMakeFiles/client.dir/src/client_server.cpp.o] Error 1
[0.877s] make[2]: *** [CMakeFiles/service.dir/build.make:63: CMakeFiles/service.dir/src/service_server.cpp.o] Error 1
[0.877s] make[1]: *** [CMakeFiles/Makefile2:80: CMakeFiles/client.dir/all] Error 2
[0.878s] make[1]: *** Waiting for unfinished jobs....
[0.878s] make[1]: *** [CMakeFiles/Makefile2:134: CMakeFiles/service.dir/all] Error 2
[0.878s] make: *** [Makefile:141: all] Error 2
[0.882s] Invoked command in '/home/phat/testpublicsher/build/testservice' returned '2': CMAKE_PREFIX_PATH=${CMAKE_PREFIX_PATH}:/opt/ros/foxy /usr/bin/cmake --build /home/phat/testpublicsher/build/testservice -- -j12 -l12
