[01m[K/home/phat/testpublicsher/src/testservice/src/service_server.cpp:29:21:[m[K [01;31m[Kerror: [m[Kâ€˜[01m[Ktutorial_interfaces[m[Kâ€™ was not declared in this scope; did you mean â€˜[01m[Ktutorial_service[m[Kâ€™?
   29 |   rclcpp::Publisher<[01;31m[Ktutorial_interfaces[m[K::msg::Num>::SharedPtr publisher_;         // CHANGE
      |                     [01;31m[K^~~~~~~~~~~~~~~~~~~[m[K
      |                     [32m[Ktutorial_service[m[K
[01m[K/home/phat/testpublicsher/src/testservice/src/service_server.cpp:29:50:[m[K [01;31m[Kerror: [m[Ktemplate argument 1 is invalid
   29 |   rclcpp::Publisher<tutorial_interfaces::msg::Num[01;31m[K>[m[K::SharedPtr publisher_;         // CHANGE
      |                                                  [01;31m[K^[m[K
[01m[K/home/phat/testpublicsher/src/testservice/src/service_server.cpp:29:53:[m[K [01;31m[Kerror: [m[Kexpected â€˜[01m[K;[m[Kâ€™ at end of member declaration
   29 |   rclcpp::Publisher<tutorial_interfaces::msg::Num>::[01;31m[KSharedPtr[m[K publisher_;         // CHANGE
      |                                                     [01;31m[K^~~~~~~~~[m[K
      |                                                              [32m[K;[m[K
[01m[K/home/phat/testpublicsher/src/testservice/src/service_server.cpp:29:63:[m[K [01;31m[Kerror: [m[Kâ€˜[01m[Kpublisher_[m[Kâ€™ does not name a type; did you mean â€˜[01m[Krcl_publisher_t[m[Kâ€™?
   29 |   rclcpp::Publisher<tutorial_interfaces::msg::Num>::SharedPtr [01;31m[Kpublisher_[m[K;         // CHANGE
      |                                                               [01;31m[K^~~~~~~~~~[m[K
      |                                                               [32m[Krcl_publisher_t[m[K
[01m[K/home/phat/testpublicsher/src/testservice/src/client_server.cpp:18:29:[m[K [01;31m[Kerror: [m[Kâ€˜[01m[Ktutorial_interfaces[m[Kâ€™ does not name a type; did you mean â€˜[01m[Ktutorial_service[m[Kâ€™?
   18 |   void topic_callback(const [01;31m[Ktutorial_interfaces[m[K::msg::Num::SharedPtr msg) const       // CHANGE
      |                             [01;31m[K^~~~~~~~~~~~~~~~~~~[m[K
      |                             [32m[Ktutorial_service[m[K
[01m[K/home/phat/testpublicsher/src/testservice/src/client_server.cpp:18:53:[m[K [01;31m[Kerror: [m[Kexpected unqualified-id before â€˜[01m[K::[m[Kâ€™ token
   18 |   void topic_callback(const tutorial_interfaces::msg[01;31m[K::[m[KNum::SharedPtr msg) const       // CHANGE
      |                                                     [01;31m[K^~[m[K
[01m[K/home/phat/testpublicsher/src/testservice/src/client_server.cpp:18:53:[m[K [01;31m[Kerror: [m[Kexpected â€˜[01m[K)[m[Kâ€™ before â€˜[01m[K::[m[Kâ€™ token
   18 |   void topic_callback[34m[K([m[Kconst tutorial_interfaces::msg[01;31m[K:[m[K[32m[K:[m[KNum::SharedPtr msg) const       // CHANGE
      |                      [34m[K~[m[K                              [01;31m[K^[m[K[32m[K~[m[K
      |                                                     [32m[K)[m[K
[01m[K/home/phat/testpublicsher/src/testservice/src/client_server.cpp:18:50:[m[K [01;31m[Kerror: [m[Kexpected â€˜[01m[K;[m[Kâ€™ at end of member declaration
   18 |   void topic_callback(const tutorial_interfaces::[01;31m[Kmsg[m[K::Num::SharedPtr msg) const       // CHANGE
      |                                                  [01;31m[K^~~[m[K
      |                                                     [32m[K;[m[K
[01m[K/home/phat/testpublicsher/src/testservice/src/client_server.cpp:18:55:[m[K [01;31m[Kerror: [m[Kâ€˜[01m[KNum[m[Kâ€™ in namespace â€˜[01m[K::[m[Kâ€™ does not name a type
   18 |   void topic_callback(const tutorial_interfaces::msg::[01;31m[KNum[m[K::SharedPtr msg) const       // CHANGE
      |                                                       [01;31m[K^~~[m[K
[01m[K/home/phat/testpublicsher/src/testservice/src/service_server.cpp:[m[K In constructor â€˜[01m[KMinimalPublisher::MinimalPublisher()[m[Kâ€™:
[01m[K/home/phat/testpublicsher/src/testservice/src/service_server.cpp:15:5:[m[K [01;31m[Kerror: [m[Kâ€˜[01m[Kpublisher_[m[Kâ€™ was not declared in this scope; did you mean â€˜[01m[Krcl_publisher_t[m[Kâ€™?
   15 |     [01;31m[Kpublisher_[m[K = this->create_publisher<tutorial_interfaces::msg::Num>("topic", 10);    // CHANGE
      |     [01;31m[K^~~~~~~~~~[m[K
      |     [32m[Krcl_publisher_t[m[K
[01m[K/home/phat/testpublicsher/src/testservice/src/client_server.cpp:22:24:[m[K [01;31m[Kerror: [m[Kâ€˜[01m[Ktutorial_interfaces[m[Kâ€™ was not declared in this scope; did you mean â€˜[01m[Ktutorial_service[m[Kâ€™?
   22 |   rclcpp::Subscription<[01;31m[Ktutorial_interfaces[m[K::msg::Num>::SharedPtr subscription_;       // CHANGE
      |                        [01;31m[K^~~~~~~~~~~~~~~~~~~[m[K
      |                        [32m[Ktutorial_service[m[K
[01m[K/home/phat/testpublicsher/src/testservice/src/client_server.cpp:22:53:[m[K [01;31m[Kerror: [m[Ktemplate argument 1 is invalid
   22 |   rclcpp::Subscription<tutorial_interfaces::msg::Num[01;31m[K>[m[K::SharedPtr subscription_;       // CHANGE
      |                                                     [01;31m[K^[m[K
[01m[K/home/phat/testpublicsher/src/testservice/src/client_server.cpp:22:53:[m[K [01;31m[Kerror: [m[Ktemplate argument 3 is invalid
[01m[K/home/phat/testpublicsher/src/testservice/src/client_server.cpp:22:56:[m[K [01;31m[Kerror: [m[Kexpected â€˜[01m[K;[m[Kâ€™ at end of member declaration
   22 |   rclcpp::Subscription<tutorial_interfaces::msg::Num>::[01;31m[KSharedPtr[m[K subscription_;       // CHANGE
      |                                                        [01;31m[K^~~~~~~~~[m[K
      |                                                                 [32m[K;[m[K
[01m[K/home/phat/testpublicsher/src/testservice/src/service_server.cpp:15:41:[m[K [01;31m[Kerror: [m[Kâ€˜[01m[Ktutorial_interfaces[m[Kâ€™ was not declared in this scope; did you mean â€˜[01m[Ktutorial_service[m[Kâ€™?
   15 |     publisher_ = this->create_publisher<[01;31m[Ktutorial_interfaces[m[K::msg::Num>("topic", 10);    // CHANGE
      |                                         [01;31m[K^~~~~~~~~~~~~~~~~~~[m[K
      |                                         [32m[Ktutorial_service[m[K
[01m[K/home/phat/testpublicsher/src/testservice/src/service_server.cpp:15:24:[m[K [01;31m[Kerror: [m[Kparse error in template argument list
   15 |     publisher_ = this->[01;31m[Kcreate_publisher<tutorial_interfaces::msg::Num>[m[K("topic", 10);    // CHANGE
      |                        [01;31m[K^~~~~~~~~~~~~~~~~~~~~~~~~~~~~~~~~~~~~~~~~~~~~~~[m[K
[01m[K/home/phat/testpublicsher/src/testservice/src/service_server.cpp:15:83:[m[K [01;31m[Kerror: [m[Kno matching function for call to â€˜[01m[KMinimalPublisher::create_publisher<<expression error> >(const char [6], int)[m[Kâ€™
   15 |     publisher_ = this->create_publisher<tutorial_interfaces::msg::Num>("topic", 10[01;31m[K)[m[K;    // CHANGE
      |                                                                                   [01;31m[K^[m[K
In file included from [01m[K/opt/ros/foxy/include/rclcpp/executors/single_threaded_executor.hpp:28[m[K,
                 from [01m[K/opt/ros/foxy/include/rclcpp/executors.hpp:22[m[K,
                 from [01m[K/opt/ros/foxy/include/rclcpp/rclcpp.hpp:146[m[K,
                 from [01m[K/home/phat/testpublicsher/src/testservice/src/service_server.cpp:4[m[K:
[01m[K/opt/ros/foxy/include/rclcpp/node.hpp:184:3:[m[K [01;36m[Knote: [m[Kcandidate: â€˜[01m[Ktemplate<class MessageT, class AllocatorT, class PublisherT> std::shared_ptr<PublisherT> rclcpp::Node::create_publisher(const string&, const rclcpp::QoS&, const rclcpp::PublisherOptionsWithAllocator<AllocatorT>&)[m[Kâ€™
  184 |   [01;36m[Kcreate_publisher[m[K(
      |   [01;36m[K^~~~~~~~~~~~~~~~[m[K
[01m[K/opt/ros/foxy/include/rclcpp/node.hpp:184:3:[m[K [01;36m[Knote: [m[K  template argument deduction/substitution failed:
[01m[K/home/phat/testpublicsher/src/testservice/src/service_server.cpp:15:83:[m[K [01;31m[Kerror: [m[Ktemplate argument 1 is invalid
   15 |     publisher_ = this->create_publisher<tutorial_interfaces::msg::Num>("topic", 10[01;31m[K)[m[K;    // CHANGE
      |                                                                                   [01;31m[K^[m[K
[01m[K/home/phat/testpublicsher/src/testservice/src/client_server.cpp:22:66:[m[K [01;31m[Kerror: [m[Kâ€˜[01m[Ksubscription_[m[Kâ€™ does not name a type; did you mean â€˜[01m[Krcl_subscription_t[m[Kâ€™?
   22 |   rclcpp::Subscription<tutorial_interfaces::msg::Num>::SharedPtr [01;31m[Ksubscription_[m[K;       // CHANGE
      |                                                                  [01;31m[K^~~~~~~~~~~~~[m[K
      |                                                                  [32m[Krcl_subscription_t[m[K
[01m[K/home/phat/testpublicsher/src/testservice/src/client_server.cpp:[m[K In constructor â€˜[01m[KMinimalSubscriber::MinimalSubscriber()[m[Kâ€™:
[01m[K/home/phat/testpublicsher/src/testservice/src/client_server.cpp:13:5:[m[K [01;31m[Kerror: [m[Kâ€˜[01m[Ksubscription_[m[Kâ€™ was not declared in this scope; did you mean â€˜[01m[Krcl_subscription_t[m[Kâ€™?
   13 |     [01;31m[Ksubscription_[m[K = this->create_subscription<tutorial_interfaces::msg::Num>(          // CHANGE
      |     [01;31m[K^~~~~~~~~~~~~[m[K
      |     [32m[Krcl_subscription_t[m[K
[01m[K/home/phat/testpublicsher/src/testservice/src/client_server.cpp:13:47:[m[K [01;31m[Kerror: [m[Kâ€˜[01m[Ktutorial_interfaces[m[Kâ€™ was not declared in this scope; did you mean â€˜[01m[Ktutorial_service[m[Kâ€™?
   13 |     subscription_ = this->create_subscription<[01;31m[Ktutorial_interfaces[m[K::msg::Num>(          // CHANGE
      |                                               [01;31m[K^~~~~~~~~~~~~~~~~~~[m[K
      |                                               [32m[Ktutorial_service[m[K
[01m[K/home/phat/testpublicsher/src/testservice/src/client_server.cpp:13:27:[m[K [01;31m[Kerror: [m[Kparse error in template argument list
   13 |     subscription_ = this->[01;31m[Kcreate_subscription<tutorial_interfaces::msg::Num>[m[K(          // CHANGE
      |                           [01;31m[K^~~~~~~~~~~~~~~~~~~~~~~~~~~~~~~~~~~~~~~~~~~~~~~~~~[m[K
[01m[K/home/phat/testpublicsher/src/testservice/src/service_server.cpp:[m[K In member function â€˜[01m[Kvoid MinimalPublisher::timer_callback()[m[Kâ€™:
[01m[K/home/phat/testpublicsher/src/testservice/src/service_server.cpp:23:20:[m[K [01;31m[Kerror: [m[Kâ€˜[01m[Ktutorial_interfaces[m[Kâ€™ has not been declared
   23 |     auto message = [01;31m[Ktutorial_interfaces[m[K::msg::Num();                               // CHANGE
      |                    [01;31m[K^~~~~~~~~~~~~~~~~~~[m[K
[01m[K/home/phat/testpublicsher/src/testservice/src/client_server.cpp:14:75:[m[K [01;31m[Kerror: [m[Kno matching function for call to â€˜[01m[KMinimalSubscriber::create_subscription<<expression error> >(const char [6], int, std::_Bind_helper<false, void (MinimalSubscriber::*)(...), MinimalSubscriber*, const std::_Placeholder<1>&>::type)[m[Kâ€™
   14 |       "topic", 10, std::bind(&MinimalSubscriber::topic_callback, this, _1)[01;31m[K)[m[K;
      |                                                                           [01;31m[K^[m[K
In file included from [01m[K/opt/ros/foxy/include/rclcpp/executors/single_threaded_executor.hpp:28[m[K,
                 from [01m[K/opt/ros/foxy/include/rclcpp/executors.hpp:22[m[K,
                 from [01m[K/opt/ros/foxy/include/rclcpp/rclcpp.hpp:146[m[K,
                 from [01m[K/home/phat/testpublicsher/src/testservice/src/client_server.cpp:3[m[K:
[01m[K/opt/ros/foxy/include/rclcpp/node.hpp:213:3:[m[K [01;36m[Knote: [m[Kcandidate: â€˜[01m[Ktemplate<class MessageT, class CallbackT, class AllocatorT, class CallbackMessageT, class SubscriptionT, class MessageMemoryStrategyT> std::shared_ptr<SubscriptionT> rclcpp::Node::create_subscription(const string&, const rclcpp::QoS&, CallbackT&&, const rclcpp::SubscriptionOptionsWithAllocator<AllocatorT>&, typename MessageMemoryStrategyT::SharedPtr)[m[Kâ€™
  213 |   [01;36m[Kcreate_subscription[m[K(
      |   [01;36m[K^~~~~~~~~~~~~~~~~~~[m[K
[01m[K/opt/ros/foxy/include/rclcpp/node.hpp:213:3:[m[K [01;36m[Knote: [m[K  template argument deduction/substitution failed:
[01m[K/home/phat/testpublicsher/src/testservice/src/client_server.cpp:14:75:[m[K [01;31m[Kerror: [m[Ktemplate argument 1 is invalid
   14 |       "topic", 10, std::bind(&MinimalSubscriber::topic_callback, this, _1)[01;31m[K)[m[K;
      |                                                                           [01;31m[K^[m[K
[01m[K/home/phat/testpublicsher/src/testservice/src/service_server.cpp:26:5:[m[K [01;31m[Kerror: [m[Kâ€˜[01m[Kpublisher_[m[Kâ€™ was not declared in this scope; did you mean â€˜[01m[Krcl_publisher_t[m[Kâ€™?
   26 |     [01;31m[Kpublisher_[m[K->publish(message);
      |     [01;31m[K^~~~~~~~~~[m[K
      |     [32m[Krcl_publisher_t[m[K
make[2]: *** [CMakeFiles/client.dir/build.make:63: CMakeFiles/client.dir/src/client_server.cpp.o] Error 1
make[1]: *** [CMakeFiles/Makefile2:80: CMakeFiles/client.dir/all] Error 2
make[1]: *** Waiting for unfinished jobs....
make[2]: *** [CMakeFiles/service.dir/build.make:63: CMakeFiles/service.dir/src/service_server.cpp.o] Error 1
make[1]: *** [CMakeFiles/Makefile2:134: CMakeFiles/service.dir/all] Error 2
make: *** [Makefile:141: all] Error 2
